build/outputs/logs/manifest-merger-debug-report.txt
-- Merging decision tree log ---
manifest
ADDED from AndroidManifest.xml:2:1-118:12
	package
		ADDED from AndroidManifest.xml:4:11-40
	android:versionName
		ADDED from AndroidManifest.xml:6:5-35
		INJECTED from AndroidManifest.xml
		INJECTED from AndroidManifest.xml
	xmlns:tools
		ADDED from AndroidManifest.xml:3:11-57
	android:versionCode
		ADDED from AndroidManifest.xml:5:5-28
		INJECTED from AndroidManifest.xml
		INJECTED from AndroidManifest.xml
	xmlns:android
		ADDED from AndroidManifest.xml:2:11-69
uses-sdk
ADDED from AndroidManifest.xml:7:5-9:41
	android:targetSdkVersion
		ADDED from AndroidManifest.xml:9:9-38
	android:minSdkVersion
		ADDED from AndroidManifest.xml:8:9-35
supports-screens
ADDED from AndroidManifest.xml:11:5-16:40
	android:largeScreens
		ADDED from AndroidManifest.xml:13:9-36
	android:smallScreens
		ADDED from AndroidManifest.xml:15:9-36
	android:normalScreens
		ADDED from AndroidManifest.xml:14:9-37
	android:xlargeScreens
		ADDED from AndroidManifest.xml:16:9-37
	android:anyDensity
		ADDED from AndroidManifest.xml:12:9-34
uses-permission#android.permission.INJECT_EVENT
ADDED from AndroidManifest.xml:18:5-19:23
	android:name
		ADDED from AndroidManifest.xml:18:22-68
uses-permission#android.permission.RECEIVE_BOOT_COMPLETED
ADDED from AndroidManifest.xml:20:5-21:23
	android:name
		ADDED from AndroidManifest.xml:20:22-78
uses-permission#android.permission.WRITE_EXTERNAL_STORAGE
ADDED from AndroidManifest.xml:23:5-24:23
	android:name
		ADDED from AndroidManifest.xml:23:22-78
uses-permission#android.permission.MOUNT_UNMOUNT_FILESYSTEMS
ADDED from AndroidManifest.xml:26:5-27:23
	android:name
		ADDED from AndroidManifest.xml:26:22-81
uses-permission#android.permission.VIBRATE
ADDED from AndroidManifest.xml:28:5-66
	android:name
		ADDED from AndroidManifest.xml:28:22-63
uses-permission#android.permission.INTERNET
ADDED from AndroidManifest.xml:29:5-66
	android:name
		ADDED from AndroidManifest.xml:29:22-64
uses-permission#android.permission.ACCESS_NETWORK_STATE
ADDED from AndroidManifest.xml:30:5-79
	android:name
		ADDED from AndroidManifest.xml:30:22-76
uses-permission#android.permission.READ_EXTERNAL_STORAGE
ADDED from AndroidManifest.xml:31:5-79
	android:name
		ADDED from AndroidManifest.xml:31:22-77
uses-permission#android.permission.CAMERA
ADDED from AndroidManifest.xml:32:2-62
	android:name
		ADDED from AndroidManifest.xml:32:19-59
uses-permission#android.permission.FLASHLIGHT
ADDED from AndroidManifest.xml:33:5-69
	android:name
		ADDED from AndroidManifest.xml:33:22-66
uses-feature#android.hardware.camera
ADDED from AndroidManifest.xml:34:5-60
	android:name
		ADDED from AndroidManifest.xml:34:19-57
uses-feature#android.hardware.camera.autofocus
ADDED from AndroidManifest.xml:35:5-70
	android:name
		ADDED from AndroidManifest.xml:35:19-67
uses-permission#android.permission.WAKE_LOCK
ADDED from AndroidManifest.xml:36:5-68
	android:name
		ADDED from AndroidManifest.xml:36:22-65
application
ADDED from AndroidManifest.xml:37:5-116:19
	android:label
		ADDED from AndroidManifest.xml:40:9-41
	android:allowBackup
		ADDED from AndroidManifest.xml:38:9-35
	android:icon
		ADDED from AndroidManifest.xml:39:9-45
	android:theme
		ADDED from AndroidManifest.xml:41:9-62
receiver#com.zkc.Receiver.RemoteControlReceiver
ADDED from AndroidManifest.xml:44:9-51:20
	android:permission
		ADDED from AndroidManifest.xml:46:13-49
	android:name
		ADDED from AndroidManifest.xml:45:13-66
intent-filter#com.zkc.keycode
ADDED from AndroidManifest.xml:47:13-50:29
action#com.zkc.keycode
ADDED from AndroidManifest.xml:49:17-58
	android:name
		ADDED from AndroidManifest.xml:49:25-55
receiver#com.zkc.Receiver.StartReceiver
ADDED from AndroidManifest.xml:53:11-59:20
	android:name
		ADDED from AndroidManifest.xml:53:21-66
intent-filter#android.intent.action.BOOT_COMPLETED+android.intent.category.LAUNCHER
ADDED from AndroidManifest.xml:54:13-58:29
action#android.intent.action.BOOT_COMPLETED
ADDED from AndroidManifest.xml:55:17-79
	android:name
		ADDED from AndroidManifest.xml:55:25-76
category#android.intent.category.LAUNCHER
ADDED from AndroidManifest.xml:57:17-77
	android:name
		ADDED from AndroidManifest.xml:57:27-74
service#com.zkc.Service.CaptureService
ADDED from AndroidManifest.xml:61:9-65:19
	android:name
		ADDED from AndroidManifest.xml:61:18-63
intent-filter#com.zkc.Service.CaptureService
ADDED from AndroidManifest.xml:62:13-64:29
action#com.zkc.Service.CaptureService
ADDED from AndroidManifest.xml:63:17-73
	android:name
		ADDED from AndroidManifest.xml:63:25-70
activity#com.example.keshengscan.LoginActivity
ADDED from AndroidManifest.xml:66:9-82:20
	android:screenOrientation
		ADDED from AndroidManifest.xml:69:13-47
	android:label
		ADDED from AndroidManifest.xml:68:13-45
	android:name
		ADDED from AndroidManifest.xml:67:13-65
intent-filter#android.intent.action.MAIN+android.intent.category.LAUNCHER
ADDED from AndroidManifest.xml:70:13-74:29
action#android.intent.action.MAIN
ADDED from AndroidManifest.xml:71:17-69
	android:name
		ADDED from AndroidManifest.xml:71:25-66
intent-filter#BarCodeScan+android.intent.category.DEFAULT
ADDED from AndroidManifest.xml:75:13-81:29
action#BarCodeScan
ADDED from AndroidManifest.xml:76:17-54
	android:name
		ADDED from AndroidManifest.xml:76:25-51
category#android.intent.category.DEFAULT
ADDED from AndroidManifest.xml:78:17-76
	android:name
		ADDED from AndroidManifest.xml:78:27-73
data
ADDED from AndroidManifest.xml:80:17-47
	android:scheme
		ADDED from AndroidManifest.xml:80:23-44
activity#com.zkc.barcodescan.activity.ActivityBarcodeSetting
ADDED from AndroidManifest.xml:83:9-87:20
	android:screenOrientation
		ADDED from AndroidManifest.xml:86:13-47
	android:label
		ADDED from AndroidManifest.xml:85:13-45
	android:name
		ADDED from AndroidManifest.xml:84:13-79
activity#com.zkc.barcodescan.activity.ActivityQrcodeSetting
ADDED from AndroidManifest.xml:88:9-92:20
	android:screenOrientation
		ADDED from AndroidManifest.xml:91:13-47
	android:label
		ADDED from AndroidManifest.xml:90:13-45
	android:name
		ADDED from AndroidManifest.xml:89:13-78
activity#com.zkc.barcodescan.activity.DialogEncodingActivity
ADDED from AndroidManifest.xml:93:9-97:20
	android:screenOrientation
		ADDED from AndroidManifest.xml:96:13-47
	android:label
		ADDED from AndroidManifest.xml:95:13-45
	android:name
		ADDED from AndroidManifest.xml:94:13-79
activity#com.example.keshengscan.Activity_main
ADDED from AndroidManifest.xml:98:9-99:20
	android:name
		ADDED from AndroidManifest.xml:98:19-71
activity#com.njupt.Fragment.Fragment01
ADDED from AndroidManifest.xml:100:9-75
	android:name
		ADDED from AndroidManifest.xml:100:19-63
activity#com.njupt.Fragment.Fragment02
ADDED from AndroidManifest.xml:101:9-75
	android:name
		ADDED from AndroidManifest.xml:101:19-63
activity#com.njupt.Fragment.Fragment03
ADDED from AndroidManifest.xml:102:9-75
	android:name
		ADDED from AndroidManifest.xml:102:19-63
activity#com.njupt.activity.UserInfo
ADDED from AndroidManifest.xml:103:9-105:20
	android:windowSoftInputMode
		ADDED from AndroidManifest.xml:104:15-71
	android:name
		ADDED from AndroidManifest.xml:103:19-61
activity#cascade.activity.BaseActivity
ADDED from AndroidManifest.xml:106:9-75
	android:name
		ADDED from AndroidManifest.xml:106:19-63
activity#com.njupt.activity.ResultActivity
ADDED from AndroidManifest.xml:107:9-109:52
	android:screenOrientation
		ADDED from AndroidManifest.xml:109:13-49
	android:name
		ADDED from AndroidManifest.xml:108:13-61
activity#com.njupt.activity.CaptureActivity
ADDED from AndroidManifest.xml:110:9-112:52
	android:screenOrientation
		ADDED from AndroidManifest.xml:112:13-49
	android:name
		ADDED from AndroidManifest.xml:111:13-62
activity#com.njupt.activity.CameraScanMain
ADDED from AndroidManifest.xml:113:9-114:62
	android:screenOrientation
		ADDED from AndroidManifest.xml:114:12-48
	android:name
		ADDED from AndroidManifest.xml:113:19-67
activity#com.example.keshengscan.Activity_upload
ADDED from AndroidManifest.xml:115:9-86
	android:name
		ADDED from AndroidManifest.xml:115:19-73